[    0.000000] Initializing cgroup subsys cpuset
[    0.000000] Initializing cgroup subsys cpu
[    0.000000] Initializing cgroup subsys cpuacct
[    0.000000] Linux version 4.4.0-179-generic (buildd@lcy01-amd64-014) (gcc version 5.4.0 20160609 (Ubuntu 5.4.0-6ubuntu1~16.04.12) ) #209-Ubuntu SMP Fri Apr 24 17:48:44 UTC 2020 (Ubuntu 4.4.0-179.209-generic 4.4.219)
[    0.000000] Command line: BOOT_IMAGE=/boot/vmlinuz-4.4.0-179-generic root=UUID=954186fc-8554-4d30-b3f9-ce8aa991fe63 ro console=tty1 console=ttyS0
[    0.000000] KERNEL supported cpus:
[    0.000000]   Intel GenuineIntel
[    0.000000]   AMD AuthenticAMD
[    0.000000]   Centaur CentaurHauls
[    0.000000] x86/fpu: xstate_offset[2]:  576, xstate_sizes[2]:  256
[    0.000000] x86/fpu: Supporting XSAVE feature 0x01: 'x87 floating point registers'
[    0.000000] x86/fpu: Supporting XSAVE feature 0x02: 'SSE registers'
[    0.000000] x86/fpu: Supporting XSAVE feature 0x04: 'AVX registers'
[    0.000000] x86/fpu: Enabled xstate features 0x7, context size is 832 bytes, using 'standard' format.
[    0.000000] e820: BIOS-provided physical RAM map:
[    0.000000] BIOS-e820: [mem 0x0000000000000000-0x000000000009fbff] usable
[    0.000000] BIOS-e820: [mem 0x000000000009fc00-0x000000000009ffff] reserved
[    0.000000] BIOS-e820: [mem 0x00000000000f0000-0x00000000000fffff] reserved
[    0.000000] BIOS-e820: [mem 0x0000000000100000-0x000000003ffeffff] usable
[    0.000000] BIOS-e820: [mem 0x000000003fff0000-0x000000003fffffff] ACPI data
[    0.000000] BIOS-e820: [mem 0x00000000fec00000-0x00000000fec00fff] reserved
[    0.000000] BIOS-e820: [mem 0x00000000fee00000-0x00000000fee00fff] reserved
[    0.000000] BIOS-e820: [mem 0x00000000fffc0000-0x00000000ffffffff] reserved
[    0.000000] NX (Execute Disable) protection: active
[    0.000000] SMBIOS 2.5 present.
[    0.000000] Hypervisor detected: KVM
[    0.000000] e820: last_pfn = 0x3fff0 max_arch_pfn = 0x400000000
[    0.000000] MTRR: Disabled
[    0.000000] x86/PAT: MTRRs disabled, skipping PAT initialization too.
[    0.000000] CPU MTRRs all blank - virtualized system.
[    0.000000] x86/PAT: Configuration [0-7]: WB  WT  UC- UC  WB  WT  UC- UC  
[    0.000000] found SMP MP-table at [mem 0x0009fff0-0x0009ffff] mapped at [ffff88000009fff0]
[    0.000000] Scanning 1 areas for low memory corruption
[    0.000000] RAMDISK: [mem 0x361ca000-0x370dcfff]
[    0.000000] ACPI: Early table checksum verification disabled
[    0.000000] ACPI: RSDP 0x00000000000E0000 000024 (v02 VBOX  )
[    0.000000] ACPI: XSDT 0x000000003FFF0030 00003C (v01 VBOX   VBOXXSDT 00000001 ASL  00000061)
[    0.000000] ACPI: FACP 0x000000003FFF00F0 0000F4 (v04 VBOX   VBOXFACP 00000001 ASL  00000061)
[    0.000000] ACPI: DSDT 0x000000003FFF0470 0022EA (v02 VBOX   VBOXBIOS 00000002 INTL 20100528)
[    0.000000] ACPI: FACS 0x000000003FFF0200 000040
[    0.000000] ACPI: FACS 0x000000003FFF0200 000040
[    0.000000] ACPI: APIC 0x000000003FFF0240 00005C (v02 VBOX   VBOXAPIC 00000001 ASL  00000061)
[    0.000000] ACPI: SSDT 0x000000003FFF02A0 0001CC (v01 VBOX   VBOXCPUT 00000002 INTL 20100528)
[    0.000000] No NUMA configuration found
[    0.000000] Faking a node at [mem 0x0000000000000000-0x000000003ffeffff]
[    0.000000] NODE_DATA(0) allocated [mem 0x3ffeb000-0x3ffeffff]
[    0.000000] kvm-clock: Using msrs 4b564d01 and 4b564d00
[    0.000000] kvm-clock: cpu 0, msr 0:3ffe3001, primary cpu clock
[    0.000000] kvm-clock: using sched offset of 3624629094 cycles
[    0.000000] clocksource: kvm-clock: mask: 0xffffffffffffffff max_cycles: 0x1cd42e4dffb, max_idle_ns: 881590591483 ns
[    0.000000] Zone ranges:
[    0.000000]   DMA      [mem 0x0000000000001000-0x0000000000ffffff]
[    0.000000]   DMA32    [mem 0x0000000001000000-0x000000003ffeffff]
[    0.000000]   Normal   empty
[    0.000000]   Device   empty
[    0.000000] Movable zone start for each node
[    0.000000] Early memory node ranges
[    0.000000]   node   0: [mem 0x0000000000001000-0x000000000009efff]
[    0.000000]   node   0: [mem 0x0000000000100000-0x000000003ffeffff]
[    0.000000] Initmem setup node 0 [mem 0x0000000000001000-0x000000003ffeffff]
[    0.000000] ACPI: PM-Timer IO Port: 0x4008
[    0.000000] IOAPIC[0]: apic_id 2, version 32, address 0xfec00000, GSI 0-23
[    0.000000] ACPI: INT_SRC_OVR (bus 0 bus_irq 0 global_irq 2 dfl dfl)
[    0.000000] ACPI: INT_SRC_OVR (bus 0 bus_irq 9 global_irq 9 low level)
[    0.000000] Using ACPI (MADT) for SMP configuration information
[    0.000000] smpboot: Allowing 2 CPUs, 0 hotplug CPUs
[    0.000000] PM: Registered nosave memory: [mem 0x00000000-0x00000fff]
[    0.000000] PM: Registered nosave memory: [mem 0x0009f000-0x0009ffff]
[    0.000000] PM: Registered nosave memory: [mem 0x000a0000-0x000effff]
[    0.000000] PM: Registered nosave memory: [mem 0x000f0000-0x000fffff]
[    0.000000] e820: [mem 0x40000000-0xfebfffff] available for PCI devices
[    0.000000] Booting paravirtualized kernel on KVM
[    0.000000] clocksource: refined-jiffies: mask: 0xffffffff max_cycles: 0xffffffff, max_idle_ns: 7645519600211568 ns
[    0.000000] setup_percpu: NR_CPUS:512 nr_cpumask_bits:512 nr_cpu_ids:2 nr_node_ids:1
[    0.000000] PERCPU: Embedded 33 pages/cpu @ffff88003fc00000 s95448 r8192 d31528 u1048576
[    0.000000] Built 1 zonelists in Node order, mobility grouping on.  Total pages: 257912
[    0.000000] Policy zone: DMA32
[    0.000000] Kernel command line: BOOT_IMAGE=/boot/vmlinuz-4.4.0-179-generic root=UUID=954186fc-8554-4d30-b3f9-ce8aa991fe63 ro console=tty1 console=ttyS0
[    0.000000] PID hash table entries: 4096 (order: 3, 32768 bytes)
[    0.000000] Memory: 997116K/1048120K available (8630K kernel code, 1336K rwdata, 4036K rodata, 1488K init, 1292K bss, 51004K reserved, 0K cma-reserved)
[    0.000000] SLUB: HWalign=64, Order=0-3, MinObjects=0, CPUs=2, Nodes=1
[    0.000000] Kernel/User page tables isolation: enabled
[    0.000000] Hierarchical RCU implementation.
[    0.000000] 	Build-time adjustment of leaf fanout to 64.
[    0.000000] 	RCU restricting CPUs from NR_CPUS=512 to nr_cpu_ids=2.
[    0.000000] RCU: Adjusting geometry for rcu_fanout_leaf=64, nr_cpu_ids=2
[    0.000000] NR_IRQS:33024 nr_irqs:440 16
[    0.000000] Console: colour VGA+ 80x25
[    0.000000] console [tty1] enabled
[    0.000000] console [ttyS0] enabled
[    0.000000] tsc: Detected 2495.996 MHz processor
[    0.212103] Calibrating delay loop (skipped) preset value.. 4991.99 BogoMIPS (lpj=9983984)
[    0.214810] pid_max: default: 32768 minimum: 301
[    0.216184] ACPI: Core revision 20150930
[    0.220094] ACPI: 2 ACPI AML tables successfully acquired and loaded
[    0.222087] Security Framework initialized
[    0.223283] Yama: becoming mindful.
[    0.224424] AppArmor: AppArmor initialized
[    0.225787] Dentry cache hash table entries: 131072 (order: 8, 1048576 bytes)
[    0.232229] Inode-cache hash table entries: 65536 (order: 7, 524288 bytes)
[    0.234624] Mount-cache hash table entries: 2048 (order: 2, 16384 bytes)
[    0.236470] Mountpoint-cache hash table entries: 2048 (order: 2, 16384 bytes)
[    0.238485] Initializing cgroup subsys io
[    0.239710] Initializing cgroup subsys memory
[    0.241028] Initializing cgroup subsys devices
[    0.242379] Initializing cgroup subsys freezer
[    0.244777] Initializing cgroup subsys net_cls
[    0.246877] Initializing cgroup subsys perf_event
[    0.248720] Initializing cgroup subsys net_prio
[    0.249959] Initializing cgroup subsys hugetlb
[    0.251320] Initializing cgroup subsys pids
[    0.253649] mce: CPU supports 0 MCE banks
[    0.254746] Last level iTLB entries: 4KB 128, 2MB 8, 4MB 8
[    0.256142] Last level dTLB entries: 4KB 64, 2MB 0, 4MB 0, 1GB 4
[    0.257559] Spectre V1 : Mitigation: usercopy/swapgs barriers and __user pointer sanitization
[    0.259795] Spectre V2 : Mitigation: Full generic retpoline
[    0.262474] Spectre V2 : Spectre v2 / SpectreRSB mitigation: Filling RSB on context switch
[    0.264774] Speculative Store Bypass: Vulnerable
[    0.266043] MDS: Vulnerable: Clear CPU buffers attempted, no microcode
[    0.271008] Freeing SMP alternatives memory: 36K
[    0.279760] ftrace: allocating 32313 entries in 127 pages
[    0.356922] smpboot: APIC(0) Converting physical 0 to logical package 0
[    0.358479] smpboot: Max logical packages: 1
[    0.360399] x2apic enabled
[    0.362025] Switched APIC routing to physical x2apic.
[    0.365264] ..TIMER: vector=0x30 apic1=0 pin1=2 apic2=-1 pin2=-1
[    0.474833] smpboot: CPU0: Intel(R) Core(TM) i5-7300HQ CPU @ 2.50GHz (family: 0x6, model: 0x9e, stepping: 0x9)
[    0.477959] Performance Events: unsupported p6 CPU model 158 no PMU driver, software events only.
[    0.495223] KVM setup paravirtual spinlock
[    0.497203] x86: Booting SMP configuration:
[    0.498348] .... node  #0, CPUs:      #1
[    0.499646] kvm-clock: cpu 1, msr 0:3ffe3041, secondary cpu clock
[    0.502018] mce: CPU supports 0 MCE banks
[    0.504679] x86: Booted up 1 node, 2 CPUs
[    0.506131] smpboot: Total of 2 processors activated (9983.98 BogoMIPS)
[    0.508310] devtmpfs: initialized
[    0.511585] evm: security.selinux
[    0.513088] evm: security.SMACK64
[    0.514157] evm: security.SMACK64EXEC
[    0.515287] evm: security.SMACK64TRANSMUTE
[    0.516426] evm: security.SMACK64MMAP
[    0.517662] evm: security.ima
[    0.518682] evm: security.capability
[    0.519983] clocksource: jiffies: mask: 0xffffffff max_cycles: 0xffffffff, max_idle_ns: 7645041785100000 ns
[    0.522807] futex hash table entries: 512 (order: 3, 32768 bytes)
[    0.524338] pinctrl core: initialized pinctrl subsystem
[    0.525778] RTC time: 19:02:08, date: 05/19/20
[    0.527813] NET: Registered protocol family 16
[    0.541222] cpuidle: using governor ladder
[    0.552935] cpuidle: using governor menu
[    0.554127] PCCT header not found.
[    0.555163] ACPI: bus type PCI registered
[    0.556242] acpiphp: ACPI Hot Plug PCI Controller Driver version: 0.5
[    0.557914] PCI: Using configuration type 1 for base access
[    0.573313] ACPI: Added _OSI(Module Device)
[    0.574457] ACPI: Added _OSI(Processor Device)
[    0.575630] ACPI: Added _OSI(3.0 _SCP Extensions)
[    0.577293] ACPI: Added _OSI(Processor Aggregator Device)
[    0.579597] ACPI: Executed 1 blocks of module-level executable AML code
[    0.583969] ACPI: Interpreter enabled
[    0.585030] ACPI: (supports S0 S5)
[    0.586094] ACPI: Using IOAPIC for interrupt routing
[    0.587519] PCI: Using host bridge windows from ACPI; if necessary, use "pci=nocrs" and report a bug
[    0.594455] ACPI: PCI Root Bridge [PCI0] (domain 0000 [bus 00-ff])
[    0.596500] acpi PNP0A03:00: _OSC: OS supports [ASPM ClockPM Segments MSI]
[    0.598770] acpi PNP0A03:00: _OSC: not requesting OS control; OS requires [ExtendedConfig ASPM ClockPM MSI]
[    0.601622] acpi PNP0A03:00: fail to add MMCONFIG information, can't access extended PCI configuration space under this bridge.
[    0.604706] PCI host bridge to bus 0000:00
[    0.605883] pci_bus 0000:00: root bus resource [io  0x0000-0x0cf7 window]
[    0.607655] pci_bus 0000:00: root bus resource [io  0x0d00-0xffff window]
[    0.609210] pci_bus 0000:00: root bus resource [mem 0x000a0000-0x000bffff window]
[    0.612720] pci_bus 0000:00: root bus resource [mem 0x40000000-0xfdffffff window]
[    0.614932] pci_bus 0000:00: root bus resource [bus 00-ff]
[    0.618540] pci 0000:00:01.1: legacy IDE quirk: reg 0x10: [io  0x01f0-0x01f7]
[    0.620333] pci 0000:00:01.1: legacy IDE quirk: reg 0x14: [io  0x03f6]
[    0.621883] pci 0000:00:01.1: legacy IDE quirk: reg 0x18: [io  0x0170-0x0177]
[    0.624082] pci 0000:00:01.1: legacy IDE quirk: reg 0x1c: [io  0x0376]
[    0.659316] pci 0000:00:07.0: quirk: [io  0x4000-0x403f] claimed by PIIX4 ACPI
[    0.663363] pci 0000:00:07.0: quirk: [io  0x4100-0x410f] claimed by PIIX4 SMB
[    0.675690] ACPI: PCI Interrupt Link [LNKA] (IRQs 5 9 10 *11)
[    0.678462] ACPI: PCI Interrupt Link [LNKB] (IRQs 5 9 *10 11)
[    0.680819] ACPI: PCI Interrupt Link [LNKC] (IRQs 5 *9 10 11)
[    0.683105] ACPI: PCI Interrupt Link [LNKD] (IRQs 5 9 10 *11)
[    0.685249] ACPI: Enabled 2 GPEs in block 00 to 07
[    0.687119] vgaarb: setting as boot device: PCI:0000:00:02.0
[    0.688642] vgaarb: device added: PCI:0000:00:02.0,decodes=io+mem,owns=io+mem,locks=none
[    0.690821] vgaarb: loaded
[    0.692256] vgaarb: bridge control possible 0000:00:02.0
[    0.694572] SCSI subsystem initialized
[    0.696257] ACPI: bus type USB registered
[    0.697562] usbcore: registered new interface driver usbfs
[    0.698962] usbcore: registered new interface driver hub
[    0.700414] usbcore: registered new device driver usb
[    0.702250] PCI: Using ACPI for IRQ routing
[    0.703793] NetLabel: Initializing
[    0.705030] NetLabel:  domain hash size = 128
[    0.706189] NetLabel:  protocols = UNLABELED CIPSOv4
[    0.710911] NetLabel:  unlabeled traffic allowed by default
[    0.713247] amd_nb: Cannot enumerate AMD northbridges
[    0.715053] clocksource: Switched to clocksource kvm-clock
[    0.728965] AppArmor: AppArmor Filesystem Enabled
[    0.731439] pnp: PnP ACPI init
[    0.733424] pnp: PnP ACPI: found 3 devices
[    0.744923] clocksource: acpi_pm: mask: 0xffffff max_cycles: 0xffffff, max_idle_ns: 2085701024 ns
[    0.747390] NET: Registered protocol family 2
[    0.748729] TCP established hash table entries: 8192 (order: 4, 65536 bytes)
[    0.750455] TCP bind hash table entries: 8192 (order: 5, 131072 bytes)
[    0.752124] TCP: Hash tables configured (established 8192 bind 8192)
[    0.753786] UDP hash table entries: 512 (order: 2, 16384 bytes)
[    0.755493] UDP-Lite hash table entries: 512 (order: 2, 16384 bytes)
[    0.757113] NET: Registered protocol family 1
[    0.758271] pci 0000:00:00.0: Limiting direct PCI/PCI transfers
[    0.760147] pci 0000:00:01.0: Activating ISA DMA hang workarounds
[    0.763157] Unpacking initramfs...
[    1.067970] Freeing initrd memory: 15436K
[    1.069220] clocksource: tsc: mask: 0xffffffffffffffff max_cycles: 0x23fa73621d8, max_idle_ns: 440795297715 ns
[    1.071907] platform rtc_cmos: registered platform RTC device (no PNP device found)
[    1.074124] Scanning for low memory corruption every 60 seconds
[    1.076303] audit: initializing netlink subsys (disabled)
[    1.078221] audit: type=2000 audit(1589914933.650:1): initialized
[    1.080317] Initialise system trusted keyring
[    1.081994] HugeTLB registered 2 MB page size, pre-allocated 0 pages
[    1.084939] zbud: loaded
[    1.086213] VFS: Disk quotas dquot_6.6.0
[    1.087398] VFS: Dquot-cache hash table entries: 512 (order 0, 4096 bytes)
[    1.089253] squashfs: version 4.0 (2009/01/31) Phillip Lougher
[    1.091008] fuse init (API version 7.23)
[    1.092272] Key type big_key registered
[    1.093629] Allocating IMA MOK and blacklist keyrings.
[    1.097733] Key type asymmetric registered
[    1.099258] Asymmetric key parser 'x509' registered
[    1.100579] Block layer SCSI generic (bsg) driver version 0.4 loaded (major 249)
[    1.102695] io scheduler noop registered
[    1.103841] io scheduler deadline registered (default)
[    1.105175] io scheduler cfq registered
[    1.106361] pci_hotplug: PCI Hot Plug PCI Core version: 0.5
[    1.107782] pciehp: PCI Express Hot Plug Controller Driver version: 0.4
[    1.109754] ACPI: AC Adapter [AC] (on-line)
[    1.111940] input: Power Button as /devices/LNXSYSTM:00/LNXPWRBN:00/input/input0
[    1.114171] ACPI: Power Button [PWRF]
[    1.115354] input: Sleep Button as /devices/LNXSYSTM:00/LNXSLPBN:00/input/input1
[    1.117411] ACPI: Sleep Button [SLPF]
[    1.119236] GHES: HEST is not enabled!
[    1.120998] Serial: 8250/16550 driver, 32 ports, IRQ sharing enabled
[    1.143340] 00:02: ttyS0 at I/O 0x3f8 (irq = 4, base_baud = 115200) is a 16550A
[    1.143573] ACPI: Battery Slot [BAT0] (battery present)
[    1.148409] Linux agpgart interface v0.103
[    1.155189] loop: module loaded
[    1.156983] scsi host0: ata_piix
[    1.158296] scsi host1: ata_piix
[    1.159464] ata1: PATA max UDMA/33 cmd 0x1f0 ctl 0x3f6 bmdma 0xd000 irq 14
[    1.161888] ata2: PATA max UDMA/33 cmd 0x170 ctl 0x376 bmdma 0xd008 irq 15
[    1.163909] libphy: Fixed MDIO Bus: probed
[    1.165285] tun: Universal TUN/TAP device driver, 1.6
[    1.166712] tun: (C) 1999-2004 Max Krasnyansky <maxk@qualcomm.com>
[    1.168395] PPP generic driver version 2.4.2
[    1.169660] ehci_hcd: USB 2.0 'Enhanced' Host Controller (EHCI) Driver
[    1.171312] ehci-pci: EHCI PCI platform driver
[    1.172603] ehci-platform: EHCI generic platform driver
[    1.173872] ohci_hcd: USB 1.1 'Open' Host Controller (OHCI) Driver
[    1.175359] ohci-pci: OHCI PCI platform driver
[    1.176867] ohci-platform: OHCI generic platform driver
[    1.178602] uhci_hcd: USB Universal Host Controller Interface driver
[    1.180443] i8042: PNP: PS/2 Controller [PNP0303:PS2K,PNP0f03:PS2M] at 0x60,0x64 irq 1,12
[    1.183379] serio: i8042 KBD port at 0x60,0x64 irq 1
[    1.184692] serio: i8042 AUX port at 0x60,0x64 irq 12
[    1.186127] mousedev: PS/2 mouse device common for all mice
[    1.188093] rtc_cmos rtc_cmos: rtc core: registered rtc_cmos as rtc0
[    1.189922] rtc_cmos rtc_cmos: alarms up to one day, 114 bytes nvram
[    1.191515] i2c /dev entries driver
[    1.192824] device-mapper: uevent: version 1.0.3
[    1.194271] input: AT Translated Set 2 keyboard as /devices/platform/i8042/serio0/input/input2
[    1.196794] device-mapper: ioctl: 4.34.0-ioctl (2015-10-28) initialised: dm-devel@redhat.com
[    1.199888] ledtrig-cpu: registered to indicate activity on CPUs
[    1.202085] NET: Registered protocol family 10
[    1.203756] NET: Registered protocol family 17
[    1.205237] Key type dns_resolver registered
[    1.206749] registered taskstats version 1
[    1.207889] Loading compiled-in X.509 certificates
[    1.209844] Loaded X.509 cert 'Build time autogenerated kernel key: a9e5689415cbbea5b40a198600f217117afda70c'
[    1.213275] zswap: loaded using pool lzo/zbud
[    1.217158] Key type trusted registered
[    1.223159] Key type encrypted registered
[    1.224257] AppArmor: AppArmor sha1 policy hashing enabled
[    1.225653] ima: No TPM chip found, activating TPM-bypass!
[    1.227406] ima: Allocated hash algorithm: sha1
[    1.228696] evm: HMAC attrs: 0x1
[    1.230536]   Magic number: 4:399:41
[    1.231976] bdi 7:6: hash matches
[    1.233117] rtc_cmos rtc_cmos: setting system clock to 2020-05-19 19:02:08 UTC (1589914928)
[    1.235498] BIOS EDD facility v0.16 2004-Jun-25, 0 devices found
[    1.237138] EDD information not available.
[    1.326387] Freeing unused kernel memory: 1488K
[    1.328158] Write protecting the kernel read-only data: 14336k
[    1.330734] Freeing unused kernel memory: 1600K
[    1.332237] Freeing unused kernel memory: 60K
Loading, please wait...
starting version 229
[    1.351262] random: systemd-udevd: uninitialized urandom read (16 bytes read, 3 bits of entropy available)
[    1.351902] random: udevadm: uninitialized urandom read (16 bytes read, 3 bits of entropy available)
[    1.351922] random: udevadm: uninitialized urandom read (16 bytes read, 3 bits of entropy available)
[    1.359039] random: systemd-udevd: uninitialized urandom read (16 bytes read, 3 bits of entropy available)
[    1.362230] random: udevadm: uninitialized urandom read (16 bytes read, 3 bits of entropy available)
[    1.362314] random: udevadm: uninitialized urandom read (16 bytes read, 3 bits of entropy available)
[    1.362506] random: udevadm: uninitialized urandom read (16 bytes read, 3 bits of entropy available)
[    1.362571] random: udevadm: uninitialized urandom read (16 bytes read, 3 bits of entropy available)
[    1.362622] random: udevadm: uninitialized urandom read (16 bytes read, 3 bits of entropy available)
[    1.362672] random: udevadm: uninitialized urandom read (16 bytes read, 3 bits of entropy available)
[    1.411730] e1000: Intel(R) PRO/1000 Network Driver - version 7.3.21-k8-NAPI
[    1.413927] e1000: Copyright (c) 1999-2006 Intel Corporation.
[    1.417324] Fusion MPT base driver 3.04.20
[    1.418547] Copyright (c) 1999-2008 LSI Corporation
[    1.433374] Fusion MPT SPI Host driver 3.04.20
[    1.437285] AVX2 version of gcm_enc/dec engaged.
[    1.438670] AES CTR mode by8 optimization enabled
[    1.624797] input: ImExPS/2 Generic Explorer Mouse as /devices/platform/i8042/serio1/input/input4
[    1.825918] e1000 0000:00:03.0 eth0: (PCI:33MHz:32-bit) 02:39:67:e0:78:98
[    1.827904] e1000 0000:00:03.0 eth0: Intel(R) PRO/1000 Network Connection
[    2.237582] e1000 0000:00:08.0 eth1: (PCI:33MHz:32-bit) 08:00:27:62:48:e4
[    2.239353] e1000 0000:00:08.0 eth1: Intel(R) PRO/1000 Network Connection
[    2.243581] e1000 0000:00:03.0 enp0s3: renamed from eth0
[    2.245673] mptbase: ioc0: Initiating bringup
[    2.263920] e1000 0000:00:08.0 enp0s8: renamed from eth1
[    2.312154] ioc0: LSI53C1030 A0: Capabilities={Initiator}
[    3.062683] scsi host2: ioc0: LSI53C1030 A0, FwRev=00000000h, Ports=1, MaxQ=256, IRQ=20
[    3.478974] scsi 2:0:0:0: Direct-Access     VBOX     HARDDISK         1.0  PQ: 0 ANSI: 5
[    3.481107] scsi target2:0:0: Beginning Domain Validation
[    3.484752] scsi target2:0:0: Domain Validation skipping write tests
[    3.486312] scsi target2:0:0: Ending Domain Validation
[    3.487767] scsi target2:0:0: asynchronous
[    3.489798] scsi 2:0:1:0: Direct-Access     VBOX     HARDDISK         1.0  PQ: 0 ANSI: 5
[    3.507656] scsi target2:0:1: Beginning Domain Validation
[    3.512543] scsi target2:0:1: Domain Validation skipping write tests
[    3.514072] scsi target2:0:1: Ending Domain Validation
[    3.515841] scsi target2:0:1: asynchronous
[    3.524557] sd 2:0:0:0: Attached scsi generic sg0 type 0
[    3.526227] sd 2:0:0:0: [sda] 20971520 512-byte logical blocks: (10.7 GB/10.0 GiB)
[    3.528708] sd 2:0:1:0: [sdb] 20480 512-byte logical blocks: (10.5 MB/10.0 MiB)
[    3.530855] sd 2:0:1:0: Attached scsi generic sg1 type 0
[    3.532478] sd 2:0:1:0: [sdb] Write Protect is off
[    3.533730] sd 2:0:0:0: [sda] Write Protect is off
[    3.535206] sd 2:0:1:0: [sdb] Incomplete mode parameter data
[    3.537385] sd 2:0:1:0: [sdb] Assuming drive cache: write through
[    3.539316] sd 2:0:0:0: [sda] Incomplete mode parameter data
[    3.540671] sd 2:0:0:0: [sda] Assuming drive cache: write through
[    3.546646]  sda: sda1
[    3.548936] sd 2:0:0:0: [sda] Attached SCSI disk
[    3.552455] sd 2:0:1:0: [sdb] Attached SCSI disk
Begin: Loading essential drivers ... [    5.099290] md: linear personality registered for level -1
[    5.103398] md: multipath personality registered for level -4
[    5.108562] md: raid0 personality registered for level 0
[    5.115254] md: raid1 personality registered for level 1
[    5.187328] raid6: sse2x1   gen()  9879 MB/s
[    5.255284] raid6: sse2x1   xor()  7259 MB/s
[    5.323589] raid6: sse2x2   gen() 11911 MB/s
[    5.391127] raid6: sse2x2   xor()  7840 MB/s
[    5.459392] raid6: sse2x4   gen() 14157 MB/s
[    5.527726] raid6: sse2x4   xor()  9317 MB/s
[    5.595576] raid6: avx2x1   gen() 19737 MB/s
[    5.663256] raid6: avx2x2   gen() 22670 MB/s
[    5.731502] raid6: avx2x4   gen() 24463 MB/s
[    5.732722] raid6: using algorithm avx2x4 gen() 24463 MB/s
[    5.734161] raid6: using avx2x2 recovery algorithm
[    5.736746] xor: automatically using best checksumming function:
[    5.775950]    avx       : 20904.000 MB/sec
[    5.778781] async_tx: api initialized (async)
[    5.791148] md: raid6 personality registered for level 6
[    5.792901] md: raid5 personality registered for level 5
[    5.794430] md: raid4 personality registered for level 4
[    5.802918] md: raid10 personality registered for level 10
done.
Begin: Running /scripts/init-premount ... done.
Begin: Mounting root file system ... Begin: Running /scripts/local-top ... done.
Begin: Running /scripts/local-premount ... [    5.838799] Btrfs loaded
Scanning for Btrfs filesystems
done.
Warning: fsck not present, so skipping root file system
[    5.880213] EXT4-fs (sda1): mounted filesystem with ordered data mode. Opts: (null)
done.
Begin: Running /scripts/local-bottom ... done.
Begin: Running /scripts/init-bottom ... done.
[    6.003708] systemd[1]: systemd 229 running in system mode. (+PAM +AUDIT +SELINUX +IMA +APPARMOR +SMACK +SYSVINIT +UTMP +LIBCRYPTSETUP +GCRYPT +GNUTLS +ACL +XZ -LZ4 +SECCOMP +BLKID +ELFUTILS +KMOD -IDN)
[    6.008022] systemd[1]: Detected virtualization oracle.
[    6.010833] systemd[1]: Detected architecture x86-64.

Welcome to [1mUbuntu 16.04.6 LTS[0m!

[    6.016441] systemd[1]: Set hostname to <ubuntu-xenial>.
[    6.161251] systemd[1]: Listening on LVM2 poll daemon socket.
[[0;32m  OK  [0m] Listening on LVM2 poll daemon socket.
[    6.167914] systemd[1]: Listening on udev Kernel Socket.
[[0;32m  OK  [0m] Listening on udev Kernel Socket.
[    6.170463] systemd[1]: Listening on LVM2 metadata daemon socket.
[[0;32m  OK  [0m] Listening on LVM2 metadata daemon socket.
[    6.172987] systemd[1]: Listening on Syslog Socket.
[[0;32m  OK  [0m] Listening on Syslog Socket.
[    6.184118] systemd[1]: Listening on Device-mapper event daemon FIFOs.
[[0;32m  OK  [0m] Listening on Device-mapper event daemon FIFOs.
[    6.187011] systemd[1]: Reached target Swap.
[[0;32m  OK  [0m] Reached target Swap.
[    6.189215] systemd[1]: Listening on Journal Audit Socket.
[[0;32m  OK  [0m] Listening on Journal Audit Socket.
[    6.200230] systemd[1]: Started Forward Password Requests to Wall Directory Watch.
[[0;32m  OK  [0m] Started Forward Password Requests to Wall Directory Watch.
[    6.203896] systemd[1]: Listening on udev Control Socket.
[[0;32m  OK  [0m] Listening on udev Control Socket.
[    6.212991] systemd[1]: Created slice System Slice.
[[0;32m  OK  [0m] Created slice System Slice.
[    6.356118] systemd[1]: Created slice system-serial\x2dgetty.slice.
[[0;32m  OK  [0m] Created slice system-serial\x2dgetty.slice.
[    6.359886] systemd[1]: Set up automount Arbitrary Executable File Formats File System Automount Point.
[[0;32m  OK  [0m] Set up automount Arbitrary Executab...ats File System Automount Point.
[    6.365433] systemd[1]: Created slice User and Session Slice.
[[0;32m  OK  [0m] Created slice User and Session Slice.
[    6.369094] systemd[1]: Started Trigger resolvconf update for networkd DNS.
[[0;32m  OK  [0m] Started Trigger resolvconf update for networkd DNS.
[    7.001566] systemd[1]: Listening on /dev/initctl Compatibility Named Pipe.
[[0;32m  OK  [0m] Listening on /dev/initctl Compatibility Named Pipe.
[    7.015207] systemd[1]: Listening on Journal Socket (/dev/log).
[[0;32m  OK  [0m] Listening on Journal Socket (/dev/log).
[    7.036713] systemd[1]: Reached target Slices.
[[0;32m  OK  [0m] Reached target Slices.
[    7.039341] systemd[1]: Reached target System Time Synchronized.
[[0;32m  OK  [0m] Reached target System Time Synchronized.
[    7.042859] systemd[1]: Listening on Journal Socket.
[[0;32m  OK  [0m] Listening on Journal Socket.
[    7.060156] systemd[1]: Starting Monitoring of LVM2 mirrors, snapshots etc. using dmeventd or progress polling...
         Starting Monitoring of LVM2 mirrors... dmeventd or progress polling...
[    7.066262] systemd[1]: Starting Create list of required static device nodes for the current kernel...
         Starting Create list of required st... nodes for the current kernel...
[    7.072054] systemd[1]: Starting Nameserver information manager...
         Starting Nameserver information manager...
[    7.077110] systemd[1]: Starting Remount Root and Kernel File Systems...
         Starting Remount Root and Kernel File Systems...
[    7.087784] systemd[1]: Starting Journal Service...
         Starting Journal Service...
[    7.095617] systemd[1]: Starting Uncomplicated firewall...
         Starting Uncomplicated firewall...
[    7.100190] systemd[1]: Mounting POSIX Message Queue File System...
         Mounting POSIX Message Queue File System...
[    7.109822] EXT4-fs (sda1): re-mounted. Opts: (null)
[    7.115110] systemd[1]: Starting Load Kernel Modules...
         Starting Load Kernel Modules...
[    7.120512] systemd[1]: Mounting Debug File System...
         Mounting Debug File System...
[    7.127779] systemd[1]: Starting Set console keymap...
         Starting Set console keymap...
[    7.131261] systemd[1]: Mounting Huge Pages File System...
         Mounting Huge Pages File System...
[    7.133880] systemd[1]: Reached target User and Group Name Lookups.
[[0;32m  OK  [0m] Reached target User and Group Name Lookups.
[    7.138021] systemd[1]: Reached target Encrypted Volumes.
[[0;32m  OK  [0m] Reached target Encrypted Volumes.
[    7.143124] systemd[1]: Mounted Debug File System.
[[0;32m  OK  [0m] Mounted Debug File System.
[    7.150552] Loading iSCSI transport class v2.0-870.
[    7.152155] systemd[1]: Mounted Huge Pages File System.
[[0;32m  OK  [0m] Mounted Huge Pages File System.
[    7.154346] systemd[1]: Mounted POSIX Message Queue File System.
[[0;32m  OK  [0m] Mounted POSIX Message Queue File System.
[    7.158640] systemd[1]: Started Create list of required static device nodes for the current kernel.
[[0;32m  OK  [0m] Started Create list of required sta...ce nodes for the current kernel.
[    7.168116] iscsi: registered transport (tcp)
[    7.180071] systemd[1]: Started Remount Root and Kernel File Systems.
[[0;32m  OK  [0m] Started Remount Root and Kernel File Systems.
[    7.184072] systemd[1]: Started Uncomplicated firewall.
[[0;32m  OK  [0m] Started Uncomplicated firewall.
[    7.187905] systemd[1]: Started Nameserver information manager.
[[0;32m  OK  [0m] Started Nameserver information manager.
[    7.193169] systemd[1]: Started Journal Service.
[[0;32m  OK  [0m] Started Journal Service.
[[0;32m  OK  [0m] Started LVM2 metadata daemon.
         Starting udev Coldplug all Devices...
         Starting Load/Save Random Seed...
         Starting Flush Journal to Persistent Storage...
         Starting Create Static Device Nodes in /dev...
[[0;32m  OK  [0m] Started Load/Save Random Seed.
[    7.229780] systemd-journald[390]: Received request to flush runtime journal from PID 1
[[0;32m  OK  [0m] Started Flush Journal to Persistent Storage.
[    7.260813] iscsi: registered transport (iser)
[[0;32m  OK  [0m] Started Load Kernel Modules.
[[0;32m  OK  [0m] Started Set console keymap.
[[0;32m  OK  [0m] Started Create Static Device Nodes in /dev.
         Starting udev Kernel Device Manager...
         Mounting FUSE Control File System...
         Starting Apply Kernel Variables...
[[0;32m  OK  [0m] Mounted FUSE Control File System.
[[0;32m  OK  [0m] Started Apply Kernel Variables.
[[0;32m  OK  [0m] Started udev Coldplug all Devices.
[[0;32m  OK  [0m] Started udev Kernel Device Manager.
[[0;32m  OK  [0m] Started Dispatch Password Requests to Console Directory Watch.
[[0;32m  OK  [0m] Found device /dev/ttyS0.
[[0;32m  OK  [0m] Listening on Load/Save RF Kill Switch Status /dev/rfkill Watch.
[[0;32m  OK  [0m] Started Monitoring of LVM2 mirrors,...ng dmeventd or progress polling.
[[0;32m  OK  [0m] Reached target Local File Systems (Pre).
[[0;32m  OK  [0m] Reached target Local File Systems.
         Starting Set console font and keymap...
         Starting Initial cloud-init job (pre-networking)...
         Starting Tell Plymouth To Write Out Runtime Data...
         Starting Create Volatile Files and Directories...
         Starting LSB: AppArmor initialization...
[[0;32m  OK  [0m] Started Tell Plymouth To Write Out Runtime Data.
[[0;32m  OK  [0m] Started Create Volatile Files and Directories.
[[0;32m  OK  [0m] Found device 82540EM Gigabit Ethern...r (PRO/1000 MT Desktop Adapter).
         Starting Update UTMP about System Boot/Shutdown...
[[0;32m  OK  [0m] Found device 82540EM Gigabit Ethern...r (PRO/1000 MT Desktop Adapter).
[[0;32m  OK  [0m] Started Update UTMP about System Boot/Shutdown.
[[0;32m  OK  [0m] Started LSB: AppArmor initialization.
[[0;32m  OK  [0m] Started Set console font and keymap.
[[0;32m  OK  [0m] Created slice system-getty.slice.
[    9.138519] cloud-init[655]: Cloud-init v. 19.2-36-g059d049c-0ubuntu2~16.04.1 running 'init-local' at Tue, 19 May 2020 19:02:16 +0000. Up 8.78 seconds.
[[0;32m  OK  [0m] Started Initial cloud-init job (pre-networking).
[[0;32m  OK  [0m] Reached target Network (Pre).
         Starting Raise network interfaces...
[[0;32m  OK  [0m] Started ifup for enp0s8.
[[0;32m  OK  [0m] Started ifup for enp0s3.
[[0;32m  OK  [0m] Started Raise network interfaces.
[[0;32m  OK  [0m] Reached target Network.
         Starting Initial cloud-init job (metadata service crawler)...
[   10.214720] cloud-init[1091]: Cloud-init v. 19.2-36-g059d049c-0ubuntu2~16.04.1 running 'init' at Tue, 19 May 2020 19:02:17 +0000. Up 9.82 seconds.
[   10.221040] cloud-init[1091]: ci-info: ++++++++++++++++++++++++++++++++++++++Net device info+++++++++++++++++++++++++++++++++++++++
[   10.223026] cloud-init[1091]: ci-info: +--------+------+-----------------------------+---------------+--------+-------------------+
[   10.225488] cloud-init[1091]: ci-info: | Device |  Up  |           Address           |      Mask     | Scope  |     Hw-Address    |
[   10.227621] cloud-init[1091]: ci-info: +--------+------+-----------------------------+---------------+--------+-------------------+
[   10.236456] cloud-init[1091]: ci-info: | enp0s3 | True |          10.0.2.15          | 255.255.255.0 | global | 02:39:67:e0:78:98 |
[   10.238748] cloud-init[1091]: ci-info: | enp0s3 | True |  fe80::39:67ff:fee0:7898/64 |       .       |  link  | 02:39:67:e0:78:98 |
[   10.249147] cloud-init[1091]: ci-info: | enp0s8 | True |        192.168.33.42        | 255.255.255.0 | global | 08:00:27:62:48:e4 |
[   10.260961] cloud-init[1091]: ci-info: | enp0s8 | True | fe80::a00:27ff:fe62:48e4/64 |       .       |  link  | 08:00:27:62:48:e4 |
[   10.262901] cloud-init[1091]: ci-info: |   lo   | True |          127.0.0.1          |   255.0.0.0   |  host  |         .         |
[   10.264815] cloud-init[1091]: ci-info: |   lo   | True |           ::1/128           |       .       |  host  |         .         |
[   10.266674] cloud-init[1091]: ci-info: +--------+------+-----------------------------+---------------+--------+-------------------+
[   10.268437] cloud-init[1091]: ci-info: ++++++++++++++++++++++++++++Route IPv4 info++++++++++++++++++++++++++++
[   10.276512] cloud-init[1091]: ci-info: +-------+--------------+----------+---------------+-----------+-------+
[[0;32m  OK  [0m] Started Initial cloud-init job (metadata service crawler).
[[0;32m  OK  [0m] Reached target Network is Online.
[   10.285241] cloud-init[1091]: ci-info: | Route | Destination  | Gateway  |    Genmask    | Interface | Flags |
[   10.288769] cloud-init[1091]: ci-info: +-------+--------------+----------+---------------+-----------+-------+
[   10.290311] cloud-init[1091]: ci-info: |   0   |   0.0.0.0    | 10.0.2.2 |    0.0.0.0    |   enp0s3  |   UG  |
[   10.292044] cloud-init[1091]: ci-info: |   1   |   10.0.2.0   | 0.0.0.0  | 255.255.255.0 |   enp0s3  |   U   |
[   10.300590] cloud-init[1091]: ci-info: |   2   | 192.168.33.0 | 0.0.0.0  | 255.255.255.0 |   enp0s8  |   U   |
[   10.304906] cloud-init[1091]: ci-info: +-------+--------------+----------+---------------+-----------+-------+
[   10.308430]          Starting iSCSI initiator daemon (iscsid)...
[[0;32m  OK  [0m] Reached target System Initialization.
[[0;32m  OK  [0m] Started Daily Cleanup of Temporary Directories.
[[0;32m  OK  [0m] Listening on D-Bus System Message Bus Socket.
cloud-init[1091]: ci-info: +++++++++++++++++++Route IPv6 info+++++++++++++++++++
[   10.312811] cloud-init[1091]: ci-info: +-------+-------------+---------+-----------+-------+
[   10.314924] cloud-init[1091]: ci-info: | Route | Destination | Gateway | Interface | Flags |
[   10.324370] [[0;32m  OK  [0m] Started Clean PHP session files every 30 mins.
         Starting LXD - unix socket.
[[0;32m  OK  [0m] Started Message of the Day.
cloud-init[1091]: ci-info: +-------+-------------+---------+-----------+-------+
[   10.328103] [cloud-init[0;32m  OK  [0m[1091]: ] ci-info: |   0   |  fe80::/64  |    ::   |   enp0s8  |   U   |Started Daily apt download activities.

[[0;32m  OK  [0m] Started Daily apt upgrade and clean activities.
[   10.330448] [cloud-init[0;32m  OK  [0m[1091]: ] ci-info: |   1   |  fe80::/64  |    ::   |   enp0s3  |   U   |Reached target Timers.

[[0;32m  OK  [0m] Listening on ACPID Listen Socket.
[[0;32m  OK  [0m] Listening on UUID daemon activation socket.
[   10.331531] cloud-init[1091]: ci-info: |   4   |   ff00::/8  |    ::   |   enp0s8  |   U   |
[[0;32m  OK  [0m] Started ACPI Events Check.
[[   10.334209] [0;32m  OK  [0mcloud-init] [1091]: Reached target Paths.ci-info: |   5   |   ff00::/8  |    ::   |   enp0s3  |   U   |

[   10.336379]          Starting Socket activation for snappy daemon.
cloud-init[[1091]: [0;32m  OK  [0mci-info: +-------+-------------+---------+-----------+-------+] 
Reached target Cloud-config availability.
[[0;32m  OK  [0m] Listening on LXD - unix socket.
[[0;32m  OK  [0m] Listening on Socket activation for snappy daemon.
[[0;32m  OK  [0m] Reached target Sockets.
[[0;32m  OK  [0m] Reached target Basic System.
         Starting LXD - container startup/shutdown...
[[0;32m  OK  [0m] Started Regular background program processing daemon.
         Starting MySQL Community Server...
         Starting Login Service...
         Starting Accounts Service...
         Starting Snappy daemon...
         Starting Virtualbox guest utils...
         Starting System Logging Service...
         Starting LSB: MD monitoring daemon...
         Starting LSB: Record successful boot for GRUB...
         Starting /etc/rc.local Compatibility...
[[0;32m  OK  [0m] Started Deferred execution scheduler.
[[0;32m  OK  [0m] Started FUSE filesystem for LXC.
         Starting Clean php session files...
         Starting OpenBSD Secure Shell server...
[[0;32m  OK  [0m] Started ACPI event daemon.
[[0;32m  OK  [0m] Started D-Bus System Message Bus.
[[0;32m  OK  [0m] Started System Logging Service.
[[0;32m  OK  [0m] Started iSCSI initiator daemon (iscsid).
[[0;32m  OK  [0m] Started /etc/rc.local Compatibility.
[[0;32m  OK  [0m] Started OpenBSD Secure Shell server.
[[0;32m  OK  [0m] Started Login Service.
[[0;32m  OK  [0m] Started Unattended Upgrades Shutdown.
         Starting Authenticate and Authorize Users to Run Privileged Tasks...
         Starting Login to default iSCSI targets...
[[0;32m  OK  [0m] Started LSB: MD monitoring daemon.
[[0;32m  OK  [0m] Started LSB: Record successful boot for GRUB.
[[0;32m  OK  [0m] Started LXD - container startup/shutdown.
[[0;32m  OK  [0m] Started Authenticate and Authorize Users to Run Privileged Tasks.
[[0;32m  OK  [0m] Started Accounts Service.
[[0;32m  OK  [0m] Started Login to default iSCSI targets.
[[0;32m  OK  [0m] Reached target Remote File Systems (Pre).
[[0;32m  OK  [0m] Reached target Remote File Systems.
         Starting LSB: Apache2 web server...
         Starting Permit User Sessions...
         Starting LSB: Set the CPU Frequency Scaling governor to "ondemand"...
         Starting LSB: automatic crash report generation...
         Starting LSB: daemon to balance interrupts for SMP systems...
[[0;32m  OK  [0m] Started Permit User Sessions.
         Starting Hold until boot process finishes up...
         Starting Terminate Plymouth Boot Screen...
[[0;32m  OK  [0m] Started Hold until boot process finishes up.
         Starting Set console scheme...
[[0;32m  OK  [0m] Started Getty on tty1.
[[0;32m  OK  [0m] Started Serial Getty on ttyS0.
[[0;32m  OK  [0m] Reached target Login Prompts.
[[0;32m  OK  [0m] Started Terminate Plymouth Boot Screen.
[[0;32m  OK  [0m] Started Set console scheme.
[[0;32m  OK  [0m] Started LSB: Set the CPU Frequency Scaling governor to "ondemand".
[[0;32m  OK  [0m] Started LSB: daemon to balance interrupts for SMP systems.
[[0;32m  OK  [0m] Started LSB: automatic crash report generation.
[[0;32m  OK  [0m] Started Virtualbox guest utils.
[[0;32m  OK  [0m] Started Snappy daemon.
         Starting Wait until snapd is fully seeded...
[[0;32m  OK  [0m] Started Wait until snapd is fully seeded.
         Starting Apply the settings specified in cloud-config...
[[0;32m  OK  [0m] Started Clean php session files.
[[0;32m  OK  [0m] Created slice User Slice of vagrant.
         Starting User Manager for UID 1000...
[[0;32m  OK  [0m] Started Session 1 of user vagrant.
[[0;32m  OK  [0m] Started User Manager for UID 1000.
[   12.144164] cloud-init[1426]: Cloud-init v. 19.2-36-g059d049c-0ubuntu2~16.04.1 running 'modules:config' at Tue, 19 May 2020 19:02:19 +0000. Up 11.94 seconds.
[[0;32m  OK  [0m] Started Apply the settings specified in cloud-config.
[[0;32m  OK  [0m] Started LSB: Apache2 web server.
[[0;32m  OK  [0m] Started MySQL Community Server.
[[0;32m  OK  [0m] Reached target Multi-User System.
[[0;32m  OK  [0m] Reached target Graphical Interface.
         Starting Update UTMP about System Runlevel Changes...
         Starting Execute cloud user/final scripts...
[[0;32m  OK  [0m] Started Update UTMP about System Runlevel Changes.
[   13.393261] cloud-init[1558]: Cloud-init v. 19.2-36-g059d049c-0ubuntu2~16.04.1 running 'modules:final' at Tue, 19 May 2020 19:02:20 +0000. Up 13.19 seconds.
[   13.395447] cloud-init[1558]: Cloud-init v. 19.2-36-g059d049c-0ubuntu2~16.04.1 finished at Tue, 19 May 2020 19:02:20 +0000. Datasource DataSourceNoCloud [seed=/dev/sdb][dsmode=net].  Up 13.38 seconds
[[0;32m  OK  [0m] Started Execute cloud user/final scripts.
[[0;32m  OK  [0m] Reached target Cloud-init target.

Ubuntu 16.04.6 LTS ubuntu-xenial ttyS0

ubuntu-xenial login:          Stopping Authenticate and Authorize Users to Run Privileged Tasks...
[[0;32m  OK  [0m] Stopped target Timers.
[[0;32m  OK  [0m] Stopped Daily Cleanup of Temporary Directories.
[[0;32m  OK  [0m] Stopped Daily apt upgrade and clean activities.
[[0;32m  OK  [0m] Stopped Clean PHP session files every 30 mins.
         Stopping User Manager for UID 1000...
[[0;32m  OK  [0m] Stopped target Cloud-init target.
[[0;32m  OK  [0m] Stopped Execute cloud user/final scripts.
[[0;32m  OK  [0m] Stopped Apply the settings specified in cloud-config.
[[0;32m  OK  [0m] Stopped target Cloud-config availability.
         Stopping Session 5 of user vagrant.
[[0;32m  OK  [0m] Closed Load/Save RF Kill Switch Status /dev/rfkill Watch.
[[0;32m  OK  [0m] Stopped target Graphical Interface.
[[0;32m  OK  [0m] Stopped target Multi-User System.
         Stopping LSB: Apache2 web server...
         Stopping D-Bus System Message Bus...
[[0;32m  OK  [0m] Stopped Wait until snapd is fully seeded.
         Stopping Virtualbox guest utils...
         Stopping LSB: MD monitoring daemon...
         Stopping System Logging Service...
         Stopping Regular background program processing daemon...
[[0;32m  OK  [0m] Stopped target Login Prompts.
         Stopping Getty on tty1...
         Stopping Unattended Upgrades Shutdown...
         Stopping LXD - container startup/shutdown...
         Stopping Deferred execution scheduler...
         Stopping FUSE filesystem for LXC...
         Stopping MySQL Community Server...
         Stopping LSB: Record successful boot for GRUB...
         Stopping LSB: automatic crash report generation...
         Stopping LSB: daemon to balance interrupts for SMP systems...
         Stopping Accounts Service...
         Stopping ACPI event daemon...
         Stopping LSB: Set the CPU Frequency Scaling governor to "ondemand"...
         Stopping Serial Getty on ttyS0...
         Stopping OpenBSD Secure Shell server...
[[0;32m  OK  [0m] Stopped Message of the Day.
[[0;32m  OK  [0m] Stopped Daily apt download activities.
[[0;32m  OK  [0m] Stopped target System Time Synchronized.
[[0;32m  OK  [0m] Unmounted /var/lib/lxcfs.
[[0;32m  OK  [0m] Stopped Regular background program processing daemon.
[[0;32m  OK  [0m] Stopped Accounts Service.
[[0;32m  OK  [0m] Stopped System Logging Service.
[[0;32m  OK  [0m] Stopped Deferred execution scheduler.
[[0;32m  OK  [0m] Stopped OpenBSD Secure Shell server.
[[0;32m  OK  [0m] Stopped Unattended Upgrades Shutdown.
[[0;32m  OK  [0m] Stopped Authenticate and Authorize Users to Run Privileged Tasks.
[[0;32m  OK  [0m] Stopped Getty on tty1.
[[0;32m  OK  [0m] Stopped Serial Getty on ttyS0.
[[0;32m  OK  [0m] Stopped User Manager for UID 1000.
[[0;32m  OK  [0m] Stopped ACPI event daemon.
[[0;32m  OK  [0m] Stopped D-Bus System Message Bus.
[[0;32m  OK  [0m] Stopped Session 5 of user vagrant.
[[0;32m  OK  [0m] Stopped FUSE filesystem for LXC.
[[0;32m  OK  [0m] Stopped LSB: MD monitoring daemon.
[[0;32m  OK  [0m] Stopped LXD - container startup/shutdown.
[[0;32m  OK  [0m] Stopped LSB: automatic crash report generation.
[[0;32m  OK  [0m] Stopped LSB: Record successful boot for GRUB.
[[0;32m  OK  [0m] Stopped LSB: Set the CPU Frequency Scaling governor to "ondemand".
[[0;32m  OK  [0m] Stopped LSB: daemon to balance interrupts for SMP systems.
[[0;32m  OK  [0m] Stopped Virtualbox guest utils.
[[0;32m  OK  [0m] Removed slice User Slice of vagrant.
[[0;32m  OK  [0m] Removed slice system-serial\x2dgetty.slice.
[[0;32m  OK  [0m] Stopped /etc/rc.local Compatibility.
         Stopping Permit User Sessions...
[[0;32m  OK  [0m] Removed slice system-getty.slice.
         Stopping Login Service...
[[0;32m  OK  [0m] Stopped Permit User Sessions.
[[0;32m  OK  [0m] Stopped Login Service.
[[0;32m  OK  [0m] Stopped target User and Group Name Lookups.
[[0;32m  OK  [0m] Stopped LSB: Apache2 web server.
[[0;32m  OK  [0m] Stopped target Remote File Systems.
[[0;32m  OK  [0m] Stopped target Remote File Systems (Pre).
         Stopping Login to default iSCSI targets...
[[0;32m  OK  [0m] Stopped Login to default iSCSI targets.
         Stopping iSCSI initiator daemon (iscsid)...
[[0;32m  OK  [0m] Stopped iSCSI initiator daemon (iscsid).
[[0;32m  OK  [0m] Stopped target Network is Online.
[[0;32m  OK  [0m] Stopped MySQL Community Server.
[[0;32m  OK  [0m] Stopped target Network.
[[0;32m  OK  [0m] Stopped target Basic System.
[[0;32m  OK  [0m] Stopped target Sockets.
[[0;32m  OK  [0m] Closed Syslog Socket.
[[0;32m  OK  [0m] Closed LXD - unix socket.
[[0;32m  OK  [0m] Closed Socket activation for snappy daemon.
[[0;32m  OK  [0m] Closed UUID daemon activation socket.
[[0;32m  OK  [0m] Closed D-Bus System Message Bus Socket.
[[0;32m  OK  [0m] Closed ACPID Listen Socket.
[[0;32m  OK  [0m] Stopped target Slices.
[[0;32m  OK  [0m] Removed slice User and Session Slice.
[[0;32m  OK  [0m] Stopped target Paths.
[[0;32m  OK  [0m] Stopped Dispatch Password Requests to Console Directory Watch.
[[0;32m  OK  [0m] Stopped ACPI Events Check.
[[0;32m  OK  [0m] Stopped target System Initialization.
[[0;32m  OK  [0m] Stopped target Swap.
[[0;32m  OK  [0m] Stopped Initial cloud-init job (metadata service crawler).
         Stopping Raise network interfaces...
[[0;32m  OK  [0m] Stopped target Encrypted Volumes.
         Stopping Update UTMP about System Boot/Shutdown...
         Stopping Load/Save Random Seed...
[[0;32m  OK  [0m] Stopped Forward Password Requests to Wall Directory Watch.
[[0;32m  OK  [0m] Stopped Load/Save Random Seed.
[[0;32m  OK  [0m] Stopped Update UTMP about System Boot/Shutdown.
[[0;32m  OK  [0m] Stopped Create Volatile Files and Directories.
[[0;32m  OK  [0m] Stopped Raise network interfaces.
[[0;32m  OK  [0m] Stopped target Local File Systems.
         Unmounting /var/www/html...
         Unmounting /run/user/1000...
         Unmounting /vagrant...
[[0;32m  OK  [0m] Stopped target Network (Pre).
[[0;32m  OK  [0m] Stopped Initial cloud-init job (pre-networking).
[[0;32m  OK  [0m] Stopped Apply Kernel Variables.
[[0;32m  OK  [0m] Stopped Load Kernel Modules.
[[0;32m  OK  [0m] Unmounted /run/user/1000.
[[0;32m  OK  [0m] Unmounted /var/www/html.
[[0;32m  OK  [0m] Unmounted /vagrant.
[[0;32m  OK  [0m] Reached target Unmount All Filesystems.
[[0;32m  OK  [0m] Stopped target Local File Systems (Pre).
         Stopping Monitoring of LVM2 mirrors... dmeventd or progress polling...
[[0;32m  OK  [0m] Stopped Remount Root and Kernel File Systems.
[[0;32m  OK  [0m] Stopped Create Static Device Nodes in /dev.
[[0;32m  OK  [0m] Reached target Shutdown.
[ 3428.399156] reboot: Power down
